<?xml version="1.0" encoding="UTF-8"?>
<testng-results skipped="0" failed="0" total="1" passed="1">
  <reporter-output>
  </reporter-output>
  <suite name="Default suite" duration-ms="18480" started-at="2020-05-08T13:12:01Z" finished-at="2020-05-08T13:12:20Z">
    <groups>
    </groups>
    <test name="Default test" duration-ms="18480" started-at="2020-05-08T13:12:01Z" finished-at="2020-05-08T13:12:20Z">
      <class name="testNG_Practice.TestNG_Demo">
        <test-method status="PASS" signature="page()[pri:0, instance:testNG_Practice.TestNG_Demo@3bbc39f8]" name="page" duration-ms="18452" started-at="2020-05-08T18:42:01Z" finished-at="2020-05-08T18:42:19Z">
          <reporter-output>
          </reporter-output>
        </test-method> <!-- page -->
      </class> <!-- testNG_Practice.TestNG_Demo -->
    </test> <!-- Default test -->
  </suite> <!-- Default suite -->
</testng-results>
